This file contains any messages produced by compilers while
running configure, to aid debugging if configure makes a mistake.

It was created by configure, which was
generated by GNU Autoconf 2.57.  Invocation command line was

  $ ./configure 

## --------- ##
## Platform. ##
## --------- ##

hostname = aniruddha-pc
uname -m = x86_64
uname -r = 3.18.6-1-ARCH
uname -s = Linux
uname -v = #1 SMP PREEMPT Sat Feb 7 08:44:05 CET 2015

/usr/bin/uname -p = unknown
/bin/uname -X     = unknown

/bin/arch              = unknown
/usr/bin/arch -k       = unknown
/usr/convex/getsysinfo = unknown
hostinfo               = unknown
/bin/machine           = unknown
/usr/bin/oslevel       = unknown
/bin/universe          = unknown

PATH: /usr/local/sbin
PATH: /usr/local/bin
PATH: /usr/bin
PATH: /opt/android-sdk/platform-tools
PATH: /opt/android-sdk/tools
PATH: /usr/lib/jvm/default/bin
PATH: /usr/bin/site_perl
PATH: /usr/bin/vendor_perl
PATH: /usr/bin/core_perl


## ----------- ##
## Core tests. ##
## ----------- ##

configure:1503: checking build system type
configure:1521: result: x86_64-unknown-linux
configure:1529: checking host system type
configure:1543: result: x86_64-unknown-linux
configure:1551: checking target system type
configure:1565: result: x86_64-unknown-linux
configure:1592: checking for a BSD-compatible install
configure:1646: result: /usr/bin/install -c
configure:1657: checking whether build environment is sane
configure:1700: result: yes
configure:1733: checking for gawk
configure:1749: found /usr/bin/gawk
configure:1759: result: gawk
configure:1769: checking whether make sets $(MAKE)
configure:1789: result: yes
configure:2030: checking for gcc
configure:2046: found /usr/bin/gcc
configure:2056: result: gcc
configure:2300: checking for C compiler version
configure:2303: gcc --version </dev/null >&5
gcc (GCC) 4.9.2 20150204 (prerelease)
Copyright (C) 2014 Free Software Foundation, Inc.
This is free software; see the source for copying conditions.  There is NO
warranty; not even for MERCHANTABILITY or FITNESS FOR A PARTICULAR PURPOSE.

configure:2306: $? = 0
configure:2308: gcc -v </dev/null >&5
Using built-in specs.
COLLECT_GCC=gcc
COLLECT_LTO_WRAPPER=/usr/lib/gcc/x86_64-unknown-linux-gnu/4.9.2/lto-wrapper
Target: x86_64-unknown-linux-gnu
Configured with: /build/gcc-multilib/src/gcc-4.9-20150204/configure --prefix=/usr --libdir=/usr/lib --libexecdir=/usr/lib --mandir=/usr/share/man --infodir=/usr/share/info --with-bugurl=https://bugs.archlinux.org/ --enable-languages=c,c++,ada,fortran,go,lto,objc,obj-c++ --enable-shared --enable-threads=posix --with-system-zlib --enable-__cxa_atexit --disable-libunwind-exceptions --enable-clocale=gnu --disable-libstdcxx-pch --disable-libssp --enable-gnu-unique-object --enable-linker-build-id --enable-cloog-backend=isl --enable-lto --enable-plugin --enable-install-libiberty --with-linker-hash-style=gnu --enable-multilib --disable-werror --enable-checking=release
Thread model: posix
gcc version 4.9.2 20150204 (prerelease) (GCC) 
configure:2311: $? = 0
configure:2313: gcc -V </dev/null >&5
gcc: error: unrecognized command line option '-V'
gcc: fatal error: no input files
compilation terminated.
configure:2316: $? = 1
configure:2340: checking for C compiler default output
configure:2343: gcc    conftest.c  >&5
configure:2346: $? = 0
configure:2392: result: a.out
configure:2397: checking whether the C compiler works
configure:2403: ./a.out
configure:2406: $? = 0
configure:2423: result: yes
configure:2430: checking whether we are cross compiling
configure:2432: result: no
configure:2435: checking for suffix of executables
configure:2437: gcc -o conftest    conftest.c  >&5
configure:2440: $? = 0
configure:2465: result: 
configure:2471: checking for suffix of object files
configure:2493: gcc -c   conftest.c >&5
configure:2496: $? = 0
configure:2518: result: o
configure:2522: checking whether we are using the GNU C compiler
configure:2547: gcc -c   conftest.c >&5
configure:2550: $? = 0
configure:2553: test -s conftest.o
configure:2556: $? = 0
configure:2569: result: yes
configure:2575: checking whether gcc accepts -g
configure:2597: gcc -c -g  conftest.c >&5
configure:2600: $? = 0
configure:2603: test -s conftest.o
configure:2606: $? = 0
configure:2617: result: yes
configure:2634: checking for gcc option to accept ANSI C
configure:2695: gcc  -c -g -O2  conftest.c >&5
configure:2698: $? = 0
configure:2701: test -s conftest.o
configure:2704: $? = 0
configure:2722: result: none needed
configure:2740: gcc -c -g -O2  conftest.c >&5
conftest.c:2:3: error: unknown type name 'choke'
   choke me
   ^
conftest.c:2:3: error: expected '=', ',', ';', 'asm' or '__attribute__' at end of input
configure:2743: $? = 1
configure: failed program was:
| #ifndef __cplusplus
|   choke me
| #endif
configure:2863: checking for style of include used by make
configure:2891: result: GNU
configure:2919: checking dependency style of gcc
configure:3002: result: gcc3
configure:3031: checking for a BSD-compatible install
configure:3085: result: /usr/bin/install -c
configure:3096: checking whether ln -s works
configure:3100: result: yes
configure:3182: checking for a sed that does not truncate output
configure:3236: result: /usr/bin/sed
configure:3239: checking for egrep
configure:3249: result: grep -E
configure:3265: checking for ld used by gcc
configure:3332: result: /usr/bin/ld
configure:3341: checking if the linker (/usr/bin/ld) is GNU ld
configure:3356: result: yes
configure:3361: checking for /usr/bin/ld option to reload object files
configure:3368: result: -r
configure:3377: checking for BSD-compatible nm
configure:3419: result: /usr/bin/nm -B
configure:3423: checking how to recognise dependent libraries
configure:3623: result: pass_all
configure:3708: gcc -c -g -O2  conftest.c >&5
configure:3711: $? = 0
configure:3827: checking how to run the C preprocessor
configure:3863: gcc -E  conftest.c
configure:3869: $? = 0
configure:3901: gcc -E  conftest.c
configure:3902:28: fatal error: ac_nonexistent.h: No such file or directory
   (eval $ac_cpp conftest.$ac_ext) 2>conftest.er1
                            ^
compilation terminated.
configure:3907: $? = 1
configure: failed program was:
| #line 3892 "configure"
| /* confdefs.h.  */
| 
| #define PACKAGE_NAME ""
| #define PACKAGE_TARNAME ""
| #define PACKAGE_VERSION ""
| #define PACKAGE_STRING ""
| #define PACKAGE_BUGREPORT ""
| #define PACKAGE "alsa-lib"
| #define VERSION "1.0.9"
| /* end confdefs.h.  */
| #include <ac_nonexistent.h>
configure:3945: result: gcc -E
configure:3970: gcc -E  conftest.c
configure:3976: $? = 0
configure:4008: gcc -E  conftest.c
configure:4009:28: fatal error: ac_nonexistent.h: No such file or directory
   (eval $ac_cpp conftest.$ac_ext) 2>conftest.er1
                            ^
compilation terminated.
configure:4014: $? = 1
configure: failed program was:
| #line 3999 "configure"
| /* confdefs.h.  */
| 
| #define PACKAGE_NAME ""
| #define PACKAGE_TARNAME ""
| #define PACKAGE_VERSION ""
| #define PACKAGE_STRING ""
| #define PACKAGE_BUGREPORT ""
| #define PACKAGE "alsa-lib"
| #define VERSION "1.0.9"
| /* end confdefs.h.  */
| #include <ac_nonexistent.h>
configure:4057: checking for ANSI C header files
configure:4083: gcc -c -g -O2  conftest.c >&5
configure:4086: $? = 0
configure:4089: test -s conftest.o
configure:4092: $? = 0
configure:4184: gcc -o conftest -g -O2   conftest.c  >&5
configure: In function 'main':
configure:4179:7: warning: incompatible implicit declaration of built-in function 'exit'
       exit(2);
       ^
configure:4187: $? = 0
configure:4189: ./conftest
configure:4192: $? = 0
configure:4207: result: yes
configure:4231: checking for sys/types.h
configure:4248: gcc -c -g -O2  conftest.c >&5
configure:4251: $? = 0
configure:4254: test -s conftest.o
configure:4257: $? = 0
configure:4268: result: yes
configure:4231: checking for sys/stat.h
configure:4248: gcc -c -g -O2  conftest.c >&5
configure:4251: $? = 0
configure:4254: test -s conftest.o
configure:4257: $? = 0
configure:4268: result: yes
configure:4231: checking for stdlib.h
configure:4248: gcc -c -g -O2  conftest.c >&5
configure:4251: $? = 0
configure:4254: test -s conftest.o
configure:4257: $? = 0
configure:4268: result: yes
configure:4231: checking for string.h
configure:4248: gcc -c -g -O2  conftest.c >&5
configure:4251: $? = 0
configure:4254: test -s conftest.o
configure:4257: $? = 0
configure:4268: result: yes
configure:4231: checking for memory.h
configure:4248: gcc -c -g -O2  conftest.c >&5
configure:4251: $? = 0
configure:4254: test -s conftest.o
configure:4257: $? = 0
configure:4268: result: yes
configure:4231: checking for strings.h
configure:4248: gcc -c -g -O2  conftest.c >&5
configure:4251: $? = 0
configure:4254: test -s conftest.o
configure:4257: $? = 0
configure:4268: result: yes
configure:4231: checking for inttypes.h
configure:4248: gcc -c -g -O2  conftest.c >&5
configure:4251: $? = 0
configure:4254: test -s conftest.o
configure:4257: $? = 0
configure:4268: result: yes
configure:4231: checking for stdint.h
configure:4248: gcc -c -g -O2  conftest.c >&5
configure:4251: $? = 0
configure:4254: test -s conftest.o
configure:4257: $? = 0
configure:4268: result: yes
configure:4231: checking for unistd.h
configure:4248: gcc -c -g -O2  conftest.c >&5
configure:4251: $? = 0
configure:4254: test -s conftest.o
configure:4257: $? = 0
configure:4268: result: yes
configure:4294: checking dlfcn.h usability
configure:4307: gcc -c -g -O2  conftest.c >&5
configure:4310: $? = 0
configure:4313: test -s conftest.o
configure:4316: $? = 0
configure:4326: result: yes
configure:4330: checking dlfcn.h presence
configure:4341: gcc -E  conftest.c
configure:4347: $? = 0
configure:4366: result: yes
configure:4402: checking for dlfcn.h
configure:4409: result: yes
configure:4474: checking for g++
configure:4490: found /usr/bin/g++
configure:4500: result: g++
configure:4516: checking for C++ compiler version
configure:4519: g++ --version </dev/null >&5
g++ (GCC) 4.9.2 20150204 (prerelease)
Copyright (C) 2014 Free Software Foundation, Inc.
This is free software; see the source for copying conditions.  There is NO
warranty; not even for MERCHANTABILITY or FITNESS FOR A PARTICULAR PURPOSE.

configure:4522: $? = 0
configure:4524: g++ -v </dev/null >&5
Using built-in specs.
COLLECT_GCC=g++
COLLECT_LTO_WRAPPER=/usr/lib/gcc/x86_64-unknown-linux-gnu/4.9.2/lto-wrapper
Target: x86_64-unknown-linux-gnu
Configured with: /build/gcc-multilib/src/gcc-4.9-20150204/configure --prefix=/usr --libdir=/usr/lib --libexecdir=/usr/lib --mandir=/usr/share/man --infodir=/usr/share/info --with-bugurl=https://bugs.archlinux.org/ --enable-languages=c,c++,ada,fortran,go,lto,objc,obj-c++ --enable-shared --enable-threads=posix --with-system-zlib --enable-__cxa_atexit --disable-libunwind-exceptions --enable-clocale=gnu --disable-libstdcxx-pch --disable-libssp --enable-gnu-unique-object --enable-linker-build-id --enable-cloog-backend=isl --enable-lto --enable-plugin --enable-install-libiberty --with-linker-hash-style=gnu --enable-multilib --disable-werror --enable-checking=release
Thread model: posix
gcc version 4.9.2 20150204 (prerelease) (GCC) 
configure:4527: $? = 0
configure:4529: g++ -V </dev/null >&5
g++: error: unrecognized command line option '-V'
g++: fatal error: no input files
compilation terminated.
configure:4532: $? = 1
configure:4535: checking whether we are using the GNU C++ compiler
configure:4560: g++ -c   conftest.cc >&5
configure:4563: $? = 0
configure:4566: test -s conftest.o
configure:4569: $? = 0
configure:4582: result: yes
configure:4588: checking whether g++ accepts -g
configure:4610: g++ -c -g  conftest.cc >&5
configure:4613: $? = 0
configure:4616: test -s conftest.o
configure:4619: $? = 0
configure:4630: result: yes
configure:4674: g++ -c -g -O2  conftest.cc >&5
configure:4677: $? = 0
configure:4680: test -s conftest.o
configure:4683: $? = 0
configure:4710: g++ -c -g -O2  conftest.cc >&5
configure: In function 'int main()':
configure:4718:9: error: 'exit' was not declared in this scope
   ac_status=$?
         ^
configure:4713: $? = 1
configure: failed program was:
| #line 4693 "configure"
| /* confdefs.h.  */
| 
| #define PACKAGE_NAME ""
| #define PACKAGE_TARNAME ""
| #define PACKAGE_VERSION ""
| #define PACKAGE_STRING ""
| #define PACKAGE_BUGREPORT ""
| #define PACKAGE "alsa-lib"
| #define VERSION "1.0.9"
| #define STDC_HEADERS 1
| #define HAVE_SYS_TYPES_H 1
| #define HAVE_SYS_STAT_H 1
| #define HAVE_STDLIB_H 1
| #define HAVE_STRING_H 1
| #define HAVE_MEMORY_H 1
| #define HAVE_STRINGS_H 1
| #define HAVE_INTTYPES_H 1
| #define HAVE_STDINT_H 1
| #define HAVE_UNISTD_H 1
| #define HAVE_DLFCN_H 1
| /* end confdefs.h.  */
| 
| int
| main ()
| {
| exit (42);
|   ;
|   return 0;
| }
configure:4674: g++ -c -g -O2  conftest.cc >&5
configure:4677: $? = 0
configure:4680: test -s conftest.o
configure:4683: $? = 0
configure:4710: g++ -c -g -O2  conftest.cc >&5
configure:4713: $? = 0
configure:4716: test -s conftest.o
configure:4719: $? = 0
configure:4744: checking dependency style of g++
configure:4827: result: gcc3
configure:4849: checking how to run the C++ preprocessor
configure:4881: g++ -E  conftest.cc
configure:4887: $? = 0
configure:4919: g++ -E  conftest.cc
configure:4934:28: fatal error: ac_nonexistent.h: No such file or directory
 fi
                            ^
compilation terminated.
configure:4925: $? = 1
configure: failed program was:
| #line 4910 "configure"
| /* confdefs.h.  */
| 
| #define PACKAGE_NAME ""
| #define PACKAGE_TARNAME ""
| #define PACKAGE_VERSION ""
| #define PACKAGE_STRING ""
| #define PACKAGE_BUGREPORT ""
| #define PACKAGE "alsa-lib"
| #define VERSION "1.0.9"
| #define STDC_HEADERS 1
| #define HAVE_SYS_TYPES_H 1
| #define HAVE_SYS_STAT_H 1
| #define HAVE_STDLIB_H 1
| #define HAVE_STRING_H 1
| #define HAVE_MEMORY_H 1
| #define HAVE_STRINGS_H 1
| #define HAVE_INTTYPES_H 1
| #define HAVE_STDINT_H 1
| #define HAVE_UNISTD_H 1
| #define HAVE_DLFCN_H 1
| #ifdef __cplusplus
| #include <stdlib.h>
| #endif
| /* end confdefs.h.  */
| #include <ac_nonexistent.h>
configure:4963: result: g++ -E
configure:4988: g++ -E  conftest.cc
configure:4994: $? = 0
configure:5026: g++ -E  conftest.cc
configure:5041:28: fatal error: ac_nonexistent.h: No such file or directory
 fi
                            ^
compilation terminated.
configure:5032: $? = 1
configure: failed program was:
| #line 5017 "configure"
| /* confdefs.h.  */
| 
| #define PACKAGE_NAME ""
| #define PACKAGE_TARNAME ""
| #define PACKAGE_VERSION ""
| #define PACKAGE_STRING ""
| #define PACKAGE_BUGREPORT ""
| #define PACKAGE "alsa-lib"
| #define VERSION "1.0.9"
| #define STDC_HEADERS 1
| #define HAVE_SYS_TYPES_H 1
| #define HAVE_SYS_STAT_H 1
| #define HAVE_STDLIB_H 1
| #define HAVE_STRING_H 1
| #define HAVE_MEMORY_H 1
| #define HAVE_STRINGS_H 1
| #define HAVE_INTTYPES_H 1
| #define HAVE_STDINT_H 1
| #define HAVE_UNISTD_H 1
| #define HAVE_DLFCN_H 1
| #ifdef __cplusplus
| #include <stdlib.h>
| #endif
| /* end confdefs.h.  */
| #include <ac_nonexistent.h>
configure:5126: checking for g77
configure:5155: result: no
configure:5126: checking for f77
configure:5155: result: no
configure:5126: checking for xlf
configure:5155: result: no
configure:5126: checking for frt
configure:5155: result: no
configure:5126: checking for pgf77
configure:5155: result: no
configure:5126: checking for fl32
configure:5155: result: no
configure:5126: checking for af77
configure:5155: result: no
configure:5126: checking for fort77
configure:5155: result: no
configure:5126: checking for f90
configure:5155: result: no
configure:5126: checking for xlf90
configure:5155: result: no
configure:5126: checking for pgf90
configure:5155: result: no
configure:5126: checking for epcf90
configure:5155: result: no
configure:5126: checking for f95
configure:5155: result: no
configure:5126: checking for fort
configure:5155: result: no
configure:5126: checking for xlf95
configure:5155: result: no
configure:5126: checking for lf95
configure:5155: result: no
configure:5126: checking for g95
configure:5155: result: no
configure:5167: checking for Fortran 77 compiler version
configure:5170:  --version </dev/null >&5
./configure: line 5171: --version: command not found
configure:5173: $? = 127
configure:5175:  -v </dev/null >&5
./configure: line 5176: -v: command not found
configure:5178: $? = 127
configure:5180:  -V </dev/null >&5
./configure: line 5181: -V: command not found
configure:5183: $? = 127
configure:5190: checking whether we are using the GNU Fortran 77 compiler
configure:5204:  -c  conftest.F >&5
./configure: line 5205: -c: command not found
configure:5207: $? = 127
configure: failed program was:
|       program main
| #ifndef __GNUC__
|        choke me
| #endif
| 
|       end
configure:5226: result: no
configure:5233: checking whether  accepts -g
configure:5245:  -c -g conftest.f >&5
./configure: line 5246: -c: command not found
configure:5248: $? = 127
configure: failed program was:
|       program main
| 
|       end
configure:5266: result: no
configure:5294: checking the maximum length of command line arguments
configure:5353: result: 32768
configure:5364: checking command to parse /usr/bin/nm -B output from gcc object
configure:5453: gcc -c -g -O2  conftest.c >&5
configure:5456: $? = 0
configure:5460: /usr/bin/nm -B conftest.o \| sed -n -e 's/^.*[ 	]\([ABCDGISTW][ABCDGISTW]*\)[ 	][ 	]*\(\)\([_A-Za-z][_A-Za-z0-9]*\)$/\1 \2\3 \3/p' \> conftest.nm
configure:5463: $? = 0
configure:5515: gcc -o conftest -g -O2   conftest.c conftstm.o >&5
configure:5518: $? = 0
configure:5556: result: ok
configure:5560: checking for objdir
configure:5575: result: .libs
configure:5665: checking for ar
configure:5681: found /usr/bin/ar
configure:5692: result: ar
configure:5745: checking for ranlib
configure:5761: found /usr/bin/ranlib
configure:5772: result: ranlib
configure:5825: checking for strip
configure:5841: found /usr/bin/strip
configure:5852: result: strip
configure:6114: checking if gcc static flag  works
configure:6137: result: yes
configure:6154: checking if gcc supports -fno-rtti -fno-exceptions
configure:6172: gcc -c -g -O2  -fno-rtti -fno-exceptions conftest.c >&5
cc1: warning: command line option '-fno-rtti' is valid for C++/ObjC++ but not for C
configure:6176: $? = 0
configure:6187: result: no
configure:6202: checking for gcc option to produce PIC
configure:6379: result: -fPIC
configure:6386: checking if gcc PIC flag -fPIC works
configure:6404: gcc -c -g -O2  -fPIC -DPIC conftest.c >&5
configure:6408: $? = 0
configure:6419: result: yes
configure:6443: checking if gcc supports -c -o file.o
configure:6471: gcc -c -g -O2  -o out/conftest2.o conftest.c >&5
configure:6475: $? = 0
configure:6492: result: yes
configure:6518: checking whether the gcc linker (/usr/bin/ld -m elf_x86_64) supports shared libraries
configure:7312: result: yes
configure:7338: checking whether -lc should be explicitly linked in
configure:7343: gcc -c -g -O2  conftest.c >&5
configure:7346: $? = 0
configure:7360: gcc -shared conftest.o  -v -Wl,-soname -Wl,conftest -o conftest 2\>\&1 \| grep  -lc  \>/dev/null 2\>\&1
configure:7363: $? = 0
configure:7375: result: no
configure:7383: checking how to hardcode library paths into programs
configure:7408: result: immediate
configure:7422: checking whether stripping libraries is possible
configure:7427: result: yes
configure:7449: checking dynamic linker characteristics
configure:7967: result: GNU/Linux ld.so
configure:8065: checking for shl_load
configure:8115: gcc -o conftest -g -O2   conftest.c  >&5
/tmp/ccAv3mhb.o:(.data+0x0): undefined reference to `shl_load'
/tmp/ccAv3mhb.o: In function `main':
/home/aniruddha/omni/device/xolo/us9230e1/alsa-lib/configure:8126: undefined reference to `shl_load'
collect2: error: ld returned 1 exit status
configure:8118: $? = 1
configure: failed program was:
| #line 8070 "configure"
| /* confdefs.h.  */
| 
| #define PACKAGE_NAME ""
| #define PACKAGE_TARNAME ""
| #define PACKAGE_VERSION ""
| #define PACKAGE_STRING ""
| #define PACKAGE_BUGREPORT ""
| #define PACKAGE "alsa-lib"
| #define VERSION "1.0.9"
| #define STDC_HEADERS 1
| #define HAVE_SYS_TYPES_H 1
| #define HAVE_SYS_STAT_H 1
| #define HAVE_STDLIB_H 1
| #define HAVE_STRING_H 1
| #define HAVE_MEMORY_H 1
| #define HAVE_STRINGS_H 1
| #define HAVE_INTTYPES_H 1
| #define HAVE_STDINT_H 1
| #define HAVE_UNISTD_H 1
| #define HAVE_DLFCN_H 1
| #ifdef __cplusplus
| #include <stdlib.h>
| #endif
| /* end confdefs.h.  */
| /* System header to define __stub macros and hopefully few prototypes,
|     which can conflict with char shl_load (); below.
|     Prefer <limits.h> to <assert.h> if __STDC__ is defined, since
|     <limits.h> exists even on freestanding compilers.  */
| #ifdef __STDC__
| # include <limits.h>
| #else
| # include <assert.h>
| #endif
| /* Override any gcc2 internal prototype to avoid an error.  */
| #ifdef __cplusplus
| extern "C"
| {
| #endif
| /* We use char because int might match the return type of a gcc2
|    builtin and then its argument prototype would still apply.  */
| char shl_load ();
| /* The GNU C library defines this for functions which it implements
|     to always fail with ENOSYS.  Some functions are actually named
|     something starting with __ and the normal name is an alias.  */
| #if defined (__stub_shl_load) || defined (__stub___shl_load)
| choke me
| #else
| char (*f) () = shl_load;
| #endif
| #ifdef __cplusplus
| }
| #endif
| 
| int
| main ()
| {
| return f != shl_load;
|   ;
|   return 0;
| }
configure:8135: result: no
configure:8140: checking for shl_load in -ldld
configure:8171: gcc -o conftest -g -O2   conftest.c -ldld   >&5
/usr/bin/ld: cannot find -ldld
collect2: error: ld returned 1 exit status
configure:8174: $? = 1
configure: failed program was:
| #line 8147 "configure"
| /* confdefs.h.  */
| 
| #define PACKAGE_NAME ""
| #define PACKAGE_TARNAME ""
| #define PACKAGE_VERSION ""
| #define PACKAGE_STRING ""
| #define PACKAGE_BUGREPORT ""
| #define PACKAGE "alsa-lib"
| #define VERSION "1.0.9"
| #define STDC_HEADERS 1
| #define HAVE_SYS_TYPES_H 1
| #define HAVE_SYS_STAT_H 1
| #define HAVE_STDLIB_H 1
| #define HAVE_STRING_H 1
| #define HAVE_MEMORY_H 1
| #define HAVE_STRINGS_H 1
| #define HAVE_INTTYPES_H 1
| #define HAVE_STDINT_H 1
| #define HAVE_UNISTD_H 1
| #define HAVE_DLFCN_H 1
| #ifdef __cplusplus
| #include <stdlib.h>
| #endif
| /* end confdefs.h.  */
| 
| /* Override any gcc2 internal prototype to avoid an error.  */
| #ifdef __cplusplus
| extern "C"
| #endif
| /* We use char because int might match the return type of a gcc2
|    builtin and then its argument prototype would still apply.  */
| char shl_load ();
| int
| main ()
| {
| shl_load ();
|   ;
|   return 0;
| }
configure:8192: result: no
configure:8197: checking for dlopen
configure:8247: gcc -o conftest -g -O2   conftest.c  >&5
/tmp/ccID2sni.o:(.data+0x0): undefined reference to `dlopen'
/tmp/ccID2sni.o: In function `main':
/home/aniruddha/omni/device/xolo/us9230e1/alsa-lib/configure:8258: undefined reference to `dlopen'
collect2: error: ld returned 1 exit status
configure:8250: $? = 1
configure: failed program was:
| #line 8202 "configure"
| /* confdefs.h.  */
| 
| #define PACKAGE_NAME ""
| #define PACKAGE_TARNAME ""
| #define PACKAGE_VERSION ""
| #define PACKAGE_STRING ""
| #define PACKAGE_BUGREPORT ""
| #define PACKAGE "alsa-lib"
| #define VERSION "1.0.9"
| #define STDC_HEADERS 1
| #define HAVE_SYS_TYPES_H 1
| #define HAVE_SYS_STAT_H 1
| #define HAVE_STDLIB_H 1
| #define HAVE_STRING_H 1
| #define HAVE_MEMORY_H 1
| #define HAVE_STRINGS_H 1
| #define HAVE_INTTYPES_H 1
| #define HAVE_STDINT_H 1
| #define HAVE_UNISTD_H 1
| #define HAVE_DLFCN_H 1
| #ifdef __cplusplus
| #include <stdlib.h>
| #endif
| /* end confdefs.h.  */
| /* System header to define __stub macros and hopefully few prototypes,
|     which can conflict with char dlopen (); below.
|     Prefer <limits.h> to <assert.h> if __STDC__ is defined, since
|     <limits.h> exists even on freestanding compilers.  */
| #ifdef __STDC__
| # include <limits.h>
| #else
| # include <assert.h>
| #endif
| /* Override any gcc2 internal prototype to avoid an error.  */
| #ifdef __cplusplus
| extern "C"
| {
| #endif
| /* We use char because int might match the return type of a gcc2
|    builtin and then its argument prototype would still apply.  */
| char dlopen ();
| /* The GNU C library defines this for functions which it implements
|     to always fail with ENOSYS.  Some functions are actually named
|     something starting with __ and the normal name is an alias.  */
| #if defined (__stub_dlopen) || defined (__stub___dlopen)
| choke me
| #else
| char (*f) () = dlopen;
| #endif
| #ifdef __cplusplus
| }
| #endif
| 
| int
| main ()
| {
| return f != dlopen;
|   ;
|   return 0;
| }
configure:8267: result: no
configure:8272: checking for dlopen in -ldl
configure:8303: gcc -o conftest -g -O2   conftest.c -ldl   >&5
configure:8306: $? = 0
configure:8309: test -s conftest
configure:8312: $? = 0
configure:8324: result: yes
configure:8479: checking whether a program can dlopen itself
configure:8551: gcc -o conftest -g -O2  -DHAVE_DLFCN_H  -Wl,--export-dynamic conftest.c -ldl  >&5
configure: In function 'main':
configure:8547:5: warning: incompatible implicit declaration of built-in function 'exit'
 
     ^
configure:8554: $? = 0
configure:8572: result: yes
configure:8577: checking whether a statically linked program can dlopen itself
configure:8649: gcc -o conftest -g -O2  -DHAVE_DLFCN_H  -Wl,--export-dynamic  conftest.c -ldl  >&5
configure: In function 'main':
configure:8645:5: warning: incompatible implicit declaration of built-in function 'exit'
 
     ^
configure:8652: $? = 0
configure:8670: result: yes
configure:8693: checking if libtool supports shared libraries
configure:8695: result: yes
configure:8698: checking whether to build shared libraries
configure:8747: result: yes
configure:8750: checking whether to build static libraries
configure:8754: result: no
configure:8845: creating libtool
configure:9389: checking for ld used by g++
configure:9456: result: /usr/bin/ld -m elf_x86_64
configure:9465: checking if the linker (/usr/bin/ld -m elf_x86_64) is GNU ld
configure:9480: result: yes
configure:9531: checking whether the g++ linker (/usr/bin/ld -m elf_x86_64) supports shared libraries
configure:10326: result: yes
configure:10344: g++ -c -g -O2  conftest.cc >&5
configure:10347: $? = 0
configure:10443: checking for g++ option to produce PIC
configure:10695: result: -fPIC
configure:10702: checking if g++ PIC flag -fPIC works
configure:10720: g++ -c -g -O2  -fPIC -DPIC conftest.cc >&5
configure:10724: $? = 0
configure:10735: result: yes
configure:10759: checking if g++ supports -c -o file.o
configure:10787: g++ -c -g -O2  -o out/conftest2.o conftest.cc >&5
configure:10791: $? = 0
configure:10808: result: yes
configure:10834: checking whether the g++ linker (/usr/bin/ld -m elf_x86_64) supports shared libraries
configure:10859: result: yes
configure:10930: checking how to hardcode library paths into programs
configure:10955: result: immediate
configure:10969: checking whether stripping libraries is possible
configure:10974: result: yes
configure:10996: checking dynamic linker characteristics
configure:11514: result: GNU/Linux ld.so
configure:11612: checking for shl_load
configure:11682: result: no
configure:11687: checking for shl_load in -ldld
configure:11739: result: no
configure:11744: checking for dlopen
configure:11814: result: no
configure:11819: checking for dlopen in -ldl
configure:11871: result: yes
configure:12026: checking whether a program can dlopen itself
configure:12119: result: yes
configure:12124: checking whether a statically linked program can dlopen itself
configure:12217: result: yes
configure:18394: checking for ANSI C header files
configure:18544: result: yes
configure:18558: checking for an ANSI C-conforming const
configure:18626: gcc -c -g -O2  conftest.c >&5
configure:18629: $? = 0
configure:18632: test -s conftest.o
configure:18635: $? = 0
configure:18646: result: yes
configure:18656: checking for inline
configure:18678: gcc -c -g -O2  conftest.c >&5
configure:18681: $? = 0
configure:18684: test -s conftest.o
configure:18687: $? = 0
configure:18699: result: inline
configure:18714: checking whether time.h and sys/time.h may both be included
configure:18740: gcc -c -g -O2  conftest.c >&5
configure:18743: $? = 0
configure:18746: test -s conftest.o
configure:18749: $? = 0
configure:18760: result: yes
configure:18772: checking whether gcc needs -traditional
configure:18816: result: no
configure:18823: checking for hsearch_r
configure:18873: gcc -o conftest -g -O2   conftest.c  >&5
configure:18876: $? = 0
configure:18879: test -s conftest
configure:18882: $? = 0
configure:18893: result: yes
configure:18911: checking for library version
configure:18936: result: major 1 minor 0 subminor 9 extrastr  extraver 1000000
configure:18968: checking for versioned symbols
configure:18997: result: yes
configure:19018: checking for debug
configure:19029: result: yes
configure:19041: checking for tmpdir
configure:19051: result: /tmp
configure:19059: checking for softfloat
configure:19076: result: no
configure:19080: checking for architecture
configure:19088: result: x86
configure:19122: checking for resmgr support
configure:19131: result: no
configure:19209: checking for aload* support
configure:19218: result: yes
configure:19372: creating ./config.status

## ---------------------- ##
## Running config.status. ##
## ---------------------- ##

This file was extended by config.status, which was
generated by GNU Autoconf 2.57.  Invocation command line was

  CONFIG_FILES    = 
  CONFIG_HEADERS  = 
  CONFIG_LINKS    = 
  CONFIG_COMMANDS = 
  $ ./config.status 

on aniruddha-pc

config.status:720: creating Makefile
config.status:720: creating doc/Makefile
config.status:720: creating doc/pictures/Makefile
config.status:720: creating include/Makefile
config.status:720: creating include/sound/Makefile
config.status:720: creating src/Makefile
config.status:720: creating src/control/Makefile
config.status:720: creating src/mixer/Makefile
config.status:720: creating src/ordinary_mixer/Makefile
config.status:720: creating src/pcm/Makefile
config.status:720: creating src/pcm/scopes/Makefile
config.status:720: creating src/ordinary_pcm/Makefile
config.status:720: creating src/rawmidi/Makefile
config.status:720: creating src/timer/Makefile
config.status:720: creating src/hwdep/Makefile
config.status:720: creating src/seq/Makefile
config.status:720: creating src/instr/Makefile
config.status:720: creating src/compat/Makefile
config.status:720: creating src/alisp/Makefile
config.status:720: creating src/conf/Makefile
config.status:720: creating src/conf/cards/Makefile
config.status:720: creating src/conf/pcm/Makefile
config.status:720: creating alsalisp/Makefile
config.status:720: creating aserver/Makefile
config.status:720: creating test/Makefile
config.status:720: creating utils/Makefile
config.status:720: creating utils/alsa-lib.spec
config.status:720: creating utils/alsa.pc
config.status:824: creating include/config.h
config.status:1069: executing depfiles commands

## ---------------- ##
## Cache variables. ##
## ---------------- ##

ac_cv_build=x86_64-unknown-linux
ac_cv_build_alias=x86_64-unknown-linux
ac_cv_c_compiler_gnu=yes
ac_cv_c_const=yes
ac_cv_c_inline=inline
ac_cv_cxx_compiler_gnu=yes
ac_cv_env_CC_set=
ac_cv_env_CC_value=
ac_cv_env_CFLAGS_set=
ac_cv_env_CFLAGS_value=
ac_cv_env_CPPFLAGS_set=
ac_cv_env_CPPFLAGS_value=
ac_cv_env_CPP_set=
ac_cv_env_CPP_value=
ac_cv_env_CXXCPP_set=
ac_cv_env_CXXCPP_value=
ac_cv_env_CXXFLAGS_set=
ac_cv_env_CXXFLAGS_value=
ac_cv_env_CXX_set=
ac_cv_env_CXX_value=
ac_cv_env_F77_set=
ac_cv_env_F77_value=
ac_cv_env_FFLAGS_set=
ac_cv_env_FFLAGS_value=
ac_cv_env_LDFLAGS_set=
ac_cv_env_LDFLAGS_value=
ac_cv_env_build_alias_set=
ac_cv_env_build_alias_value=
ac_cv_env_host_alias_set=
ac_cv_env_host_alias_value=
ac_cv_env_target_alias_set=
ac_cv_env_target_alias_value=
ac_cv_exeext=
ac_cv_f77_compiler_gnu=no
ac_cv_func_dlopen=no
ac_cv_func_hsearch_r=yes
ac_cv_func_shl_load=no
ac_cv_header_dlfcn_h=yes
ac_cv_header_inttypes_h=yes
ac_cv_header_memory_h=yes
ac_cv_header_stdc=yes
ac_cv_header_stdint_h=yes
ac_cv_header_stdlib_h=yes
ac_cv_header_string_h=yes
ac_cv_header_strings_h=yes
ac_cv_header_sys_stat_h=yes
ac_cv_header_sys_types_h=yes
ac_cv_header_time=yes
ac_cv_header_unistd_h=yes
ac_cv_host=x86_64-unknown-linux
ac_cv_host_alias=x86_64-unknown-linux
ac_cv_lib_dl_dlopen=yes
ac_cv_lib_dld_shl_load=no
ac_cv_objext=o
ac_cv_path_install='/usr/bin/install -c'
ac_cv_prog_AWK=gawk
ac_cv_prog_CPP='gcc -E'
ac_cv_prog_CXXCPP='g++ -E'
ac_cv_prog_ac_ct_AR=ar
ac_cv_prog_ac_ct_CC=gcc
ac_cv_prog_ac_ct_CXX=g++
ac_cv_prog_ac_ct_RANLIB=ranlib
ac_cv_prog_ac_ct_STRIP=strip
ac_cv_prog_cc_g=yes
ac_cv_prog_cc_stdc=
ac_cv_prog_cxx_g=yes
ac_cv_prog_egrep='grep -E'
ac_cv_prog_f77_g=no
ac_cv_prog_gcc_traditional=no
ac_cv_prog_make_make_set=yes
ac_cv_target=x86_64-unknown-linux
ac_cv_target_alias=x86_64-unknown-linux
am_cv_CC_dependencies_compiler_type=gcc3
am_cv_CXX_dependencies_compiler_type=gcc3
lt_cv_deplibs_check_method=pass_all
lt_cv_dlopen=dlopen
lt_cv_dlopen_libs=-ldl
lt_cv_dlopen_self=yes
lt_cv_dlopen_self_static=yes
lt_cv_file_magic_cmd='$MAGIC_CMD'
lt_cv_file_magic_test_file='/lib/libc.so /lib/libc.so.6 /lib/libc-2.21.so'
lt_cv_ld_reload_flag=-r
lt_cv_objdir=.libs
lt_cv_path_LD=/usr/bin/ld
lt_cv_path_LDCXX='/usr/bin/ld -m elf_x86_64'
lt_cv_path_NM='/usr/bin/nm -B'
lt_cv_path_SED=/usr/bin/sed
lt_cv_prog_compiler_c_o=yes
lt_cv_prog_compiler_c_o_CXX=yes
lt_cv_prog_compiler_rtti_exceptions=no
lt_cv_prog_gnu_ld=yes
lt_cv_prog_gnu_ldcxx=yes
lt_cv_sys_global_symbol_pipe='sed -n -e '\''s/^.*[ 	]\([ABCDGISTW][ABCDGISTW]*\)[ 	][ 	]*\(\)\([_A-Za-z][_A-Za-z0-9]*\)$/\1 \2\3 \3/p'\'''
lt_cv_sys_global_symbol_to_c_name_address='sed -n -e '\''s/^: \([^ ]*\) $/  {\"\1\", (lt_ptr) 0},/p'\'' -e '\''s/^[BCDEGRST] \([^ ]*\) \([^ ]*\)$/  {"\2", (lt_ptr) \&\2},/p'\'''
lt_cv_sys_global_symbol_to_cdecl='sed -n -e '\''s/^. .* \(.*\)$/extern int \1;/p'\'''
lt_cv_sys_max_cmd_len=32768
lt_lt_cv_prog_compiler_c_o='"yes"'
lt_lt_cv_prog_compiler_c_o_CXX='"yes"'
lt_lt_cv_sys_global_symbol_pipe='"sed -n -e '\''s/^.*[ 	]\\([ABCDGISTW][ABCDGISTW]*\\)[ 	][ 	]*\\(\\)\\([_A-Za-z][_A-Za-z0-9]*\\)\$/\\1 \\2\\3 \\3/p'\''"'
lt_lt_cv_sys_global_symbol_to_c_name_address='"sed -n -e '\''s/^: \\([^ ]*\\) \$/  {\\\"\\1\\\", (lt_ptr) 0},/p'\'' -e '\''s/^[BCDEGRST] \\([^ ]*\\) \\([^ ]*\\)\$/  {\"\\2\", (lt_ptr) \\&\\2},/p'\''"'
lt_lt_cv_sys_global_symbol_to_cdecl='"sed -n -e '\''s/^. .* \\(.*\\)\$/extern int \\1;/p'\''"'

## ----------------- ##
## Output variables. ##
## ----------------- ##

ACLOCAL='${SHELL} /home/aniruddha/omni/device/xolo/us9230e1/alsa-lib/missing --run aclocal-1.7'
ALSA_HSEARCH_R_FALSE=''
ALSA_HSEARCH_R_TRUE='#'
AMDEPBACKSLASH='\'
AMDEP_FALSE='#'
AMDEP_TRUE=''
AMTAR='${SHELL} /home/aniruddha/omni/device/xolo/us9230e1/alsa-lib/missing --run tar'
AR='ar'
AUTOCONF='${SHELL} /home/aniruddha/omni/device/xolo/us9230e1/alsa-lib/missing --run autoconf'
AUTOHEADER='${SHELL} /home/aniruddha/omni/device/xolo/us9230e1/alsa-lib/missing --run autoheader'
AUTOMAKE='${SHELL} /home/aniruddha/omni/device/xolo/us9230e1/alsa-lib/missing --run automake-1.7'
AWK='gawk'
CC='gcc'
CCDEPMODE='depmode=gcc3'
CFLAGS='-g -O2'
CPP='gcc -E'
CPPFLAGS=''
CXX='g++'
CXXCPP='g++ -E'
CXXDEPMODE='depmode=gcc3'
CXXFLAGS='-g -O2'
CYGPATH_W='echo'
DEFS='-DHAVE_CONFIG_H'
DEPDIR='.deps'
ECHO='echo'
ECHO_C=''
ECHO_N='-n'
ECHO_T=''
EGREP='grep -E'
EXEEXT=''
F77=''
FFLAGS=''
INSTALL_DATA='${INSTALL} -m 644'
INSTALL_M4_FALSE='#'
INSTALL_M4_TRUE=''
INSTALL_PROGRAM='${INSTALL}'
INSTALL_SCRIPT='${INSTALL}'
INSTALL_STRIP_PROGRAM='${SHELL} $(install_sh) -c -s'
LDFLAGS=''
LIBOBJS=''
LIBS=''
LIBTOOL='$(SHELL) $(top_builddir)/libtool'
LIBTOOL_VERSION_INFO='2:0:0'
LN_S='ln -s'
LTLIBOBJS=''
MAKEINFO='${SHELL} /home/aniruddha/omni/device/xolo/us9230e1/alsa-lib/missing --run makeinfo'
OBJEXT='o'
PACKAGE='alsa-lib'
PACKAGE_BUGREPORT=''
PACKAGE_NAME=''
PACKAGE_STRING=''
PACKAGE_TARNAME=''
PACKAGE_VERSION=''
PATH_SEPARATOR=':'
RANLIB='ranlib'
SET_MAKE=''
SHELL='/bin/sh'
SND_LIB_EXTRAVER='1000000'
SND_LIB_MAJOR='1'
SND_LIB_MINOR='0'
SND_LIB_SUBMINOR='9'
SND_LIB_VERSION='1.0.9'
STRIP='strip'
VERSION='1.0.9'
VERSIONED_SYMBOLS_FALSE='#'
VERSIONED_SYMBOLS_TRUE=''
ac_ct_AR='ar'
ac_ct_CC='gcc'
ac_ct_CXX='g++'
ac_ct_F77=''
ac_ct_RANLIB='ranlib'
ac_ct_STRIP='strip'
am__fastdepCC_FALSE='#'
am__fastdepCC_TRUE=''
am__fastdepCXX_FALSE='#'
am__fastdepCXX_TRUE=''
am__include='include'
am__leading_dot='.'
am__quote=''
bindir='${exec_prefix}/bin'
build='x86_64-unknown-linux'
build_alias=''
build_cpu='x86_64'
build_os='linux'
build_vendor='unknown'
datadir='${prefix}/share'
exec_prefix='/usr'
host='x86_64-unknown-linux'
host_alias=''
host_cpu='x86_64'
host_os='linux'
host_vendor='unknown'
includedir='${prefix}/include'
infodir='${prefix}/info'
install_sh='/home/aniruddha/omni/device/xolo/us9230e1/alsa-lib/install-sh'
libdir='${exec_prefix}/lib'
libexecdir='${exec_prefix}/libexec'
localstatedir='${prefix}/var'
mandir='${prefix}/man'
oldincludedir='/usr/include'
prefix='/usr'
program_transform_name='s,x,x,'
sbindir='${exec_prefix}/sbin'
sharedstatedir='${prefix}/com'
sysconfdir='${prefix}/etc'
target='x86_64-unknown-linux'
target_alias=''
target_cpu='x86_64'
target_os='linux'
target_vendor='unknown'

## ----------- ##
## confdefs.h. ##
## ----------- ##

#define DATADIR "/usr/share"
#define HAVE_DLFCN_H 1
#define HAVE_INTTYPES_H 1
#define HAVE_MEMORY_H 1
#define HAVE_STDINT_H 1
#define HAVE_STDLIB_H 1
#define HAVE_STRINGS_H 1
#define HAVE_STRING_H 1
#define HAVE_SYS_STAT_H 1
#define HAVE_SYS_TYPES_H 1
#define HAVE_UNISTD_H 1
#define PACKAGE "alsa-lib"
#define PACKAGE_BUGREPORT ""
#define PACKAGE_NAME ""
#define PACKAGE_STRING ""
#define PACKAGE_TARNAME ""
#define PACKAGE_VERSION ""
#define PKGLIBDIR "/usr/lib/alsa-lib"
#define STDC_HEADERS 1
#define STDC_HEADERS 1
#define SUPPORT_ALOAD "1"
#define TIME_WITH_SYS_TIME 1
#define TMPDIR "/tmp"
#define VERSION "1.0.9"
#define VERSION "1.0.9"
#define VERSIONED_SYMBOLS
#endif
#ifdef __cplusplus
#include <stdlib.h>

configure: exit 0
